<?xml version="1.0" encoding="utf-8"?><testsuites name="pytest tests"><testsuite name="pytest" errors="0" failures="0" skipped="0" tests="7" time="0.774" timestamp="2026-06-21T08:26:59.314084+00:00" hostname="agent-env-fd48bfcb-c566-4915-b480-0aeb46d74cbc"><testcase classname="backend.tests.test_sentinel" name="test_status" time="0.256" /><testcase classname="backend.tests.test_sentinel" name="test_hazards" time="0.047" /><testcase classname="backend.tests.test_sentinel" name="test_nearby_vehicles" time="0.047" /><testcase classname="backend.tests.test_sentinel" name="test_world_model" time="0.049" /><testcase classname="backend.tests.test_sentinel" name="test_confirm_increments" time="0.092" /><testcase classname="backend.tests.test_sentinel" name="test_report_increments" time="0.093" /><testcase classname="backend.tests.test_sentinel" name="test_404_unknown" time="0.048" /></testsuite></testsuites>