<?xml version="1.0" encoding="utf-8"?><testsuites name="pytest tests"><testsuite name="pytest" errors="0" failures="0" skipped="0" tests="7" time="0.934" timestamp="2026-06-20T21:02:33.279132+00:00" hostname="agent-env-fd48bfcb-c566-4915-b480-0aeb46d74cbc"><testcase classname="backend.tests.test_sentinel" name="test_status" time="0.477" /><testcase classname="backend.tests.test_sentinel" name="test_hazards" time="0.046" /><testcase classname="backend.tests.test_sentinel" name="test_nearby_vehicles" time="0.043" /><testcase classname="backend.tests.test_sentinel" name="test_confirm_increments" time="0.090" /><testcase classname="backend.tests.test_sentinel" name="test_report_increments" time="0.120" /><testcase classname="backend.tests.test_sentinel" name="test_confirm_404" time="0.042" /><testcase classname="backend.tests.test_sentinel" name="test_report_404" time="0.041" /></testsuite></testsuites>